<?xml version="1.0" encoding="UTF-8"?>
<!-- Generated by org.testng.reporters.JUnitReportReporter -->
<testsuite skipped="0" hostname="DESKTOP-BLFTK83" name="testcase.ExecuteTest" tests="1" failures="0" timestamp="13 Dec 2018 10:25:58 GMT" time="113.730" errors="0">
  <testcase name="testLogin" time="113.730" classname="testcase.ExecuteTest"/>
</testsuite> <!-- testcase.ExecuteTest -->
